{"date":"Thu Aug 11 2022 20:42:20 GMT+0530 (India Standard Time)","error":{"diagnosticCodes":[2304,2552]},"exception":true,"level":"error","message":"uncaughtException: ⨯ Unable to compile TypeScript:\n\u001b[96mstartup/routes.ts\u001b[0m:\u001b[93m5\u001b[0m:\u001b[93m24\u001b[0m - \u001b[91merror\u001b[0m\u001b[90m TS2304: \u001b[0mCannot find name 'auth'.\r\n\r\n\u001b[7m5\u001b[0m   app.use(\"/api/auth\", auth);\r\n\u001b[7m \u001b[0m \u001b[91m                       ~~~~\u001b[0m\r\n\u001b[96mstartup/routes.ts\u001b[0m:\u001b[93m6\u001b[0m:\u001b[93m11\u001b[0m - \u001b[91merror\u001b[0m\u001b[90m TS2552: \u001b[0mCannot find name 'error'. Did you mean 'Error'?\r\n\r\n\u001b[7m6\u001b[0m   app.use(error);\r\n\u001b[7m \u001b[0m \u001b[91m          ~~~~~\u001b[0m\r\n\r\n  \u001b[96mnode_modules/typescript/lib/lib.es5.d.ts\u001b[0m:\u001b[93m1039\u001b[0m:\u001b[93m13\u001b[0m\r\n    \u001b[7m1039\u001b[0m declare var Error: ErrorConstructor;\r\n    \u001b[7m    \u001b[0m \u001b[96m            ~~~~~\u001b[0m\r\n    'Error' is declared here.\r\n\nTSError: ⨯ Unable to compile TypeScript:\n\u001b[96mstartup/routes.ts\u001b[0m:\u001b[93m5\u001b[0m:\u001b[93m24\u001b[0m - \u001b[91merror\u001b[0m\u001b[90m TS2304: \u001b[0mCannot find name 'auth'.\r\n\r\n\u001b[7m5\u001b[0m   app.use(\"/api/auth\", auth);\r\n\u001b[7m \u001b[0m \u001b[91m                       ~~~~\u001b[0m\r\n\u001b[96mstartup/routes.ts\u001b[0m:\u001b[93m6\u001b[0m:\u001b[93m11\u001b[0m - \u001b[91merror\u001b[0m\u001b[90m TS2552: \u001b[0mCannot find name 'error'. Did you mean 'Error'?\r\n\r\n\u001b[7m6\u001b[0m   app.use(error);\r\n\u001b[7m \u001b[0m \u001b[91m          ~~~~~\u001b[0m\r\n\r\n  \u001b[96mnode_modules/typescript/lib/lib.es5.d.ts\u001b[0m:\u001b[93m1039\u001b[0m:\u001b[93m13\u001b[0m\r\n    \u001b[7m1039\u001b[0m declare var Error: ErrorConstructor;\r\n    \u001b[7m    \u001b[0m \u001b[96m            ~~~~~\u001b[0m\r\n    'Error' is declared here.\r\n\n    at createTSError (C:\\Users\\svdsa\\AppData\\Roaming\\npm\\node_modules\\ts-node\\src\\index.ts:859:12)\n    at reportTSError (C:\\Users\\svdsa\\AppData\\Roaming\\npm\\node_modules\\ts-node\\src\\index.ts:863:19)\n    at getOutput (C:\\Users\\svdsa\\AppData\\Roaming\\npm\\node_modules\\ts-node\\src\\index.ts:1077:36)\n    at Object.compile (C:\\Users\\svdsa\\AppData\\Roaming\\npm\\node_modules\\ts-node\\src\\index.ts:1433:41)\n    at Module.m._compile (C:\\Users\\svdsa\\AppData\\Roaming\\npm\\node_modules\\ts-node\\src\\index.ts:1617:30)\n    at Module._extensions..js (node:internal/modules/cjs/loader:1159:10)\n    at Object.require.extensions.<computed> [as .ts] (C:\\Users\\svdsa\\AppData\\Roaming\\npm\\node_modules\\ts-node\\src\\index.ts:1621:12)\n    at Module.load (node:internal/modules/cjs/loader:981:32)\n    at Function.Module._load (node:internal/modules/cjs/loader:822:12)\n    at Module.require (node:internal/modules/cjs/loader:1005:19)","os":{"loadavg":[0,0,0],"uptime":2073},"process":{"argv":["C:\\Users\\svdsa\\AppData\\Roaming\\npm\\node_modules\\ts-node\\dist\\bin.js","G:\\Education\\A_Practice\\React_Practice\\club-cricket\\api\\index.ts"],"cwd":"G:\\Education\\A_Practice\\React_Practice\\club-cricket\\api","execPath":"C:\\Program Files\\nodejs\\node.exe","gid":null,"memoryUsage":{"arrayBuffers":1881128,"external":4381022,"heapTotal":160251904,"heapUsed":129794376,"rss":194633728},"pid":13656,"uid":null,"version":"v16.16.0"},"stack":"TSError: ⨯ Unable to compile TypeScript:\n\u001b[96mstartup/routes.ts\u001b[0m:\u001b[93m5\u001b[0m:\u001b[93m24\u001b[0m - \u001b[91merror\u001b[0m\u001b[90m TS2304: \u001b[0mCannot find name 'auth'.\r\n\r\n\u001b[7m5\u001b[0m   app.use(\"/api/auth\", auth);\r\n\u001b[7m \u001b[0m \u001b[91m                       ~~~~\u001b[0m\r\n\u001b[96mstartup/routes.ts\u001b[0m:\u001b[93m6\u001b[0m:\u001b[93m11\u001b[0m - \u001b[91merror\u001b[0m\u001b[90m TS2552: \u001b[0mCannot find name 'error'. Did you mean 'Error'?\r\n\r\n\u001b[7m6\u001b[0m   app.use(error);\r\n\u001b[7m \u001b[0m \u001b[91m          ~~~~~\u001b[0m\r\n\r\n  \u001b[96mnode_modules/typescript/lib/lib.es5.d.ts\u001b[0m:\u001b[93m1039\u001b[0m:\u001b[93m13\u001b[0m\r\n    \u001b[7m1039\u001b[0m declare var Error: ErrorConstructor;\r\n    \u001b[7m    \u001b[0m \u001b[96m            ~~~~~\u001b[0m\r\n    'Error' is declared here.\r\n\n    at createTSError (C:\\Users\\svdsa\\AppData\\Roaming\\npm\\node_modules\\ts-node\\src\\index.ts:859:12)\n    at reportTSError (C:\\Users\\svdsa\\AppData\\Roaming\\npm\\node_modules\\ts-node\\src\\index.ts:863:19)\n    at getOutput (C:\\Users\\svdsa\\AppData\\Roaming\\npm\\node_modules\\ts-node\\src\\index.ts:1077:36)\n    at Object.compile (C:\\Users\\svdsa\\AppData\\Roaming\\npm\\node_modules\\ts-node\\src\\index.ts:1433:41)\n    at Module.m._compile (C:\\Users\\svdsa\\AppData\\Roaming\\npm\\node_modules\\ts-node\\src\\index.ts:1617:30)\n    at Module._extensions..js (node:internal/modules/cjs/loader:1159:10)\n    at Object.require.extensions.<computed> [as .ts] (C:\\Users\\svdsa\\AppData\\Roaming\\npm\\node_modules\\ts-node\\src\\index.ts:1621:12)\n    at Module.load (node:internal/modules/cjs/loader:981:32)\n    at Function.Module._load (node:internal/modules/cjs/loader:822:12)\n    at Module.require (node:internal/modules/cjs/loader:1005:19)","trace":[{"column":12,"file":"C:\\Users\\svdsa\\AppData\\Roaming\\npm\\node_modules\\ts-node\\src\\index.ts","function":"createTSError","line":859,"method":null,"native":false},{"column":19,"file":"C:\\Users\\svdsa\\AppData\\Roaming\\npm\\node_modules\\ts-node\\src\\index.ts","function":"reportTSError","line":863,"method":null,"native":false},{"column":36,"file":"C:\\Users\\svdsa\\AppData\\Roaming\\npm\\node_modules\\ts-node\\src\\index.ts","function":"getOutput","line":1077,"method":null,"native":false},{"column":41,"file":"C:\\Users\\svdsa\\AppData\\Roaming\\npm\\node_modules\\ts-node\\src\\index.ts","function":"Object.compile","line":1433,"method":"compile","native":false},{"column":30,"file":"C:\\Users\\svdsa\\AppData\\Roaming\\npm\\node_modules\\ts-node\\src\\index.ts","function":"Module.m._compile","line":1617,"method":"_compile","native":false},{"column":10,"file":"node:internal/modules/cjs/loader","function":"Module._extensions..js","line":1159,"method":".js","native":false},{"column":12,"file":"C:\\Users\\svdsa\\AppData\\Roaming\\npm\\node_modules\\ts-node\\src\\index.ts","function":"Object.require.extensions.<computed> [as .ts]","line":1621,"method":"ts]","native":false},{"column":32,"file":"node:internal/modules/cjs/loader","function":"Module.load","line":981,"method":"load","native":false},{"column":12,"file":"node:internal/modules/cjs/loader","function":"Module._load","line":822,"method":"_load","native":false},{"column":19,"file":"node:internal/modules/cjs/loader","function":"Module.require","line":1005,"method":"require","native":false}]}
{"date":"Thu Aug 11 2022 20:44:16 GMT+0530 (India Standard Time)","error":{"diagnosticCodes":[1192,2552]},"exception":true,"level":"error","message":"uncaughtException: ⨯ Unable to compile TypeScript:\n\u001b[96mstartup/routes.ts\u001b[0m:\u001b[93m2\u001b[0m:\u001b[93m8\u001b[0m - \u001b[91merror\u001b[0m\u001b[90m TS1192: \u001b[0mModule '\"G:/Education/A_Practice/React_Practice/club-cricket/api/routers/auth\"' has no default export.\r\n\r\n\u001b[7m2\u001b[0m import auth from '../routers/auth';\r\n\u001b[7m \u001b[0m \u001b[91m       ~~~~\u001b[0m\r\n\u001b[96mstartup/routes.ts\u001b[0m:\u001b[93m7\u001b[0m:\u001b[93m11\u001b[0m - \u001b[91merror\u001b[0m\u001b[90m TS2552: \u001b[0mCannot find name 'error'. Did you mean 'Error'?\r\n\r\n\u001b[7m7\u001b[0m   app.use(error);\r\n\u001b[7m \u001b[0m \u001b[91m          ~~~~~\u001b[0m\r\n\r\n  \u001b[96mnode_modules/typescript/lib/lib.es5.d.ts\u001b[0m:\u001b[93m1039\u001b[0m:\u001b[93m13\u001b[0m\r\n    \u001b[7m1039\u001b[0m declare var Error: ErrorConstructor;\r\n    \u001b[7m    \u001b[0m \u001b[96m            ~~~~~\u001b[0m\r\n    'Error' is declared here.\r\n\nTSError: ⨯ Unable to compile TypeScript:\n\u001b[96mstartup/routes.ts\u001b[0m:\u001b[93m2\u001b[0m:\u001b[93m8\u001b[0m - \u001b[91merror\u001b[0m\u001b[90m TS1192: \u001b[0mModule '\"G:/Education/A_Practice/React_Practice/club-cricket/api/routers/auth\"' has no default export.\r\n\r\n\u001b[7m2\u001b[0m import auth from '../routers/auth';\r\n\u001b[7m \u001b[0m \u001b[91m       ~~~~\u001b[0m\r\n\u001b[96mstartup/routes.ts\u001b[0m:\u001b[93m7\u001b[0m:\u001b[93m11\u001b[0m - \u001b[91merror\u001b[0m\u001b[90m TS2552: \u001b[0mCannot find name 'error'. Did you mean 'Error'?\r\n\r\n\u001b[7m7\u001b[0m   app.use(error);\r\n\u001b[7m \u001b[0m \u001b[91m          ~~~~~\u001b[0m\r\n\r\n  \u001b[96mnode_modules/typescript/lib/lib.es5.d.ts\u001b[0m:\u001b[93m1039\u001b[0m:\u001b[93m13\u001b[0m\r\n    \u001b[7m1039\u001b[0m declare var Error: ErrorConstructor;\r\n    \u001b[7m    \u001b[0m \u001b[96m            ~~~~~\u001b[0m\r\n    'Error' is declared here.\r\n\n    at createTSError (C:\\Users\\svdsa\\AppData\\Roaming\\npm\\node_modules\\ts-node\\src\\index.ts:859:12)\n    at reportTSError (C:\\Users\\svdsa\\AppData\\Roaming\\npm\\node_modules\\ts-node\\src\\index.ts:863:19)\n    at getOutput (C:\\Users\\svdsa\\AppData\\Roaming\\npm\\node_modules\\ts-node\\src\\index.ts:1077:36)\n    at Object.compile (C:\\Users\\svdsa\\AppData\\Roaming\\npm\\node_modules\\ts-node\\src\\index.ts:1433:41)\n    at Module.m._compile (C:\\Users\\svdsa\\AppData\\Roaming\\npm\\node_modules\\ts-node\\src\\index.ts:1617:30)\n    at Module._extensions..js (node:internal/modules/cjs/loader:1159:10)\n    at Object.require.extensions.<computed> [as .ts] (C:\\Users\\svdsa\\AppData\\Roaming\\npm\\node_modules\\ts-node\\src\\index.ts:1621:12)\n    at Module.load (node:internal/modules/cjs/loader:981:32)\n    at Function.Module._load (node:internal/modules/cjs/loader:822:12)\n    at Module.require (node:internal/modules/cjs/loader:1005:19)","os":{"loadavg":[0,0,0],"uptime":2188},"process":{"argv":["C:\\Users\\svdsa\\AppData\\Roaming\\npm\\node_modules\\ts-node\\dist\\bin.js","G:\\Education\\A_Practice\\React_Practice\\club-cricket\\api\\index.ts"],"cwd":"G:\\Education\\A_Practice\\React_Practice\\club-cricket\\api","execPath":"C:\\Program Files\\nodejs\\node.exe","gid":null,"memoryUsage":{"arrayBuffers":1947211,"external":3391083,"heapTotal":170496000,"heapUsed":143201184,"rss":210874368},"pid":11180,"uid":null,"version":"v16.16.0"},"stack":"TSError: ⨯ Unable to compile TypeScript:\n\u001b[96mstartup/routes.ts\u001b[0m:\u001b[93m2\u001b[0m:\u001b[93m8\u001b[0m - \u001b[91merror\u001b[0m\u001b[90m TS1192: \u001b[0mModule '\"G:/Education/A_Practice/React_Practice/club-cricket/api/routers/auth\"' has no default export.\r\n\r\n\u001b[7m2\u001b[0m import auth from '../routers/auth';\r\n\u001b[7m \u001b[0m \u001b[91m       ~~~~\u001b[0m\r\n\u001b[96mstartup/routes.ts\u001b[0m:\u001b[93m7\u001b[0m:\u001b[93m11\u001b[0m - \u001b[91merror\u001b[0m\u001b[90m TS2552: \u001b[0mCannot find name 'error'. Did you mean 'Error'?\r\n\r\n\u001b[7m7\u001b[0m   app.use(error);\r\n\u001b[7m \u001b[0m \u001b[91m          ~~~~~\u001b[0m\r\n\r\n  \u001b[96mnode_modules/typescript/lib/lib.es5.d.ts\u001b[0m:\u001b[93m1039\u001b[0m:\u001b[93m13\u001b[0m\r\n    \u001b[7m1039\u001b[0m declare var Error: ErrorConstructor;\r\n    \u001b[7m    \u001b[0m \u001b[96m            ~~~~~\u001b[0m\r\n    'Error' is declared here.\r\n\n    at createTSError (C:\\Users\\svdsa\\AppData\\Roaming\\npm\\node_modules\\ts-node\\src\\index.ts:859:12)\n    at reportTSError (C:\\Users\\svdsa\\AppData\\Roaming\\npm\\node_modules\\ts-node\\src\\index.ts:863:19)\n    at getOutput (C:\\Users\\svdsa\\AppData\\Roaming\\npm\\node_modules\\ts-node\\src\\index.ts:1077:36)\n    at Object.compile (C:\\Users\\svdsa\\AppData\\Roaming\\npm\\node_modules\\ts-node\\src\\index.ts:1433:41)\n    at Module.m._compile (C:\\Users\\svdsa\\AppData\\Roaming\\npm\\node_modules\\ts-node\\src\\index.ts:1617:30)\n    at Module._extensions..js (node:internal/modules/cjs/loader:1159:10)\n    at Object.require.extensions.<computed> [as .ts] (C:\\Users\\svdsa\\AppData\\Roaming\\npm\\node_modules\\ts-node\\src\\index.ts:1621:12)\n    at Module.load (node:internal/modules/cjs/loader:981:32)\n    at Function.Module._load (node:internal/modules/cjs/loader:822:12)\n    at Module.require (node:internal/modules/cjs/loader:1005:19)","trace":[{"column":12,"file":"C:\\Users\\svdsa\\AppData\\Roaming\\npm\\node_modules\\ts-node\\src\\index.ts","function":"createTSError","line":859,"method":null,"native":false},{"column":19,"file":"C:\\Users\\svdsa\\AppData\\Roaming\\npm\\node_modules\\ts-node\\src\\index.ts","function":"reportTSError","line":863,"method":null,"native":false},{"column":36,"file":"C:\\Users\\svdsa\\AppData\\Roaming\\npm\\node_modules\\ts-node\\src\\index.ts","function":"getOutput","line":1077,"method":null,"native":false},{"column":41,"file":"C:\\Users\\svdsa\\AppData\\Roaming\\npm\\node_modules\\ts-node\\src\\index.ts","function":"Object.compile","line":1433,"method":"compile","native":false},{"column":30,"file":"C:\\Users\\svdsa\\AppData\\Roaming\\npm\\node_modules\\ts-node\\src\\index.ts","function":"Module.m._compile","line":1617,"method":"_compile","native":false},{"column":10,"file":"node:internal/modules/cjs/loader","function":"Module._extensions..js","line":1159,"method":".js","native":false},{"column":12,"file":"C:\\Users\\svdsa\\AppData\\Roaming\\npm\\node_modules\\ts-node\\src\\index.ts","function":"Object.require.extensions.<computed> [as .ts]","line":1621,"method":"ts]","native":false},{"column":32,"file":"node:internal/modules/cjs/loader","function":"Module.load","line":981,"method":"load","native":false},{"column":12,"file":"node:internal/modules/cjs/loader","function":"Module._load","line":822,"method":"_load","native":false},{"column":19,"file":"node:internal/modules/cjs/loader","function":"Module.require","line":1005,"method":"require","native":false}]}
{"date":"Thu Aug 11 2022 20:46:14 GMT+0530 (India Standard Time)","error":{"diagnosticCodes":[2459,2459,2552]},"exception":true,"level":"error","message":"uncaughtException: ⨯ Unable to compile TypeScript:\n\u001b[96mstartup/routes.ts\u001b[0m:\u001b[93m2\u001b[0m:\u001b[93m10\u001b[0m - \u001b[91merror\u001b[0m\u001b[90m TS2459: \u001b[0mModule '\"../routers/auth\"' declares 'router' locally, but it is not exported.\r\n\r\n\u001b[7m2\u001b[0m import { router as authRouter } from '../routers/auth';\r\n\u001b[7m \u001b[0m \u001b[91m         ~~~~~~\u001b[0m\r\n\r\n  \u001b[96mrouters/auth.ts\u001b[0m:\u001b[93m6\u001b[0m:\u001b[93m7\u001b[0m\r\n    \u001b[7m6\u001b[0m const router = express.Router();\r\n    \u001b[7m \u001b[0m \u001b[96m      ~~~~~~\u001b[0m\r\n    'router' is declared here.\r\n\u001b[96mstartup/routes.ts\u001b[0m:\u001b[93m2\u001b[0m:\u001b[93m10\u001b[0m - \u001b[91merror\u001b[0m\u001b[90m TS2459: \u001b[0mModule '\"../routers/auth\"' declares 'router' locally, but it is not exported.\r\n\r\n\u001b[7m2\u001b[0m import { router as authRouter } from '../routers/auth';\r\n\u001b[7m \u001b[0m \u001b[91m         ~~~~~~\u001b[0m\r\n\r\n  \u001b[96mrouters/auth.ts\u001b[0m:\u001b[93m6\u001b[0m:\u001b[93m7\u001b[0m\r\n    \u001b[7m6\u001b[0m const router = express.Router();\r\n    \u001b[7m \u001b[0m \u001b[96m      ~~~~~~\u001b[0m\r\n    'router' is declared here.\r\n\u001b[96mstartup/routes.ts\u001b[0m:\u001b[93m7\u001b[0m:\u001b[93m11\u001b[0m - \u001b[91merror\u001b[0m\u001b[90m TS2552: \u001b[0mCannot find name 'error'. Did you mean 'Error'?\r\n\r\n\u001b[7m7\u001b[0m   app.use(error);\r\n\u001b[7m \u001b[0m \u001b[91m          ~~~~~\u001b[0m\r\n\r\n  \u001b[96mnode_modules/typescript/lib/lib.es5.d.ts\u001b[0m:\u001b[93m1039\u001b[0m:\u001b[93m13\u001b[0m\r\n    \u001b[7m1039\u001b[0m declare var Error: ErrorConstructor;\r\n    \u001b[7m    \u001b[0m \u001b[96m            ~~~~~\u001b[0m\r\n    'Error' is declared here.\r\n\nTSError: ⨯ Unable to compile TypeScript:\n\u001b[96mstartup/routes.ts\u001b[0m:\u001b[93m2\u001b[0m:\u001b[93m10\u001b[0m - \u001b[91merror\u001b[0m\u001b[90m TS2459: \u001b[0mModule '\"../routers/auth\"' declares 'router' locally, but it is not exported.\r\n\r\n\u001b[7m2\u001b[0m import { router as authRouter } from '../routers/auth';\r\n\u001b[7m \u001b[0m \u001b[91m         ~~~~~~\u001b[0m\r\n\r\n  \u001b[96mrouters/auth.ts\u001b[0m:\u001b[93m6\u001b[0m:\u001b[93m7\u001b[0m\r\n    \u001b[7m6\u001b[0m const router = express.Router();\r\n    \u001b[7m \u001b[0m \u001b[96m      ~~~~~~\u001b[0m\r\n    'router' is declared here.\r\n\u001b[96mstartup/routes.ts\u001b[0m:\u001b[93m2\u001b[0m:\u001b[93m10\u001b[0m - \u001b[91merror\u001b[0m\u001b[90m TS2459: \u001b[0mModule '\"../routers/auth\"' declares 'router' locally, but it is not exported.\r\n\r\n\u001b[7m2\u001b[0m import { router as authRouter } from '../routers/auth';\r\n\u001b[7m \u001b[0m \u001b[91m         ~~~~~~\u001b[0m\r\n\r\n  \u001b[96mrouters/auth.ts\u001b[0m:\u001b[93m6\u001b[0m:\u001b[93m7\u001b[0m\r\n    \u001b[7m6\u001b[0m const router = express.Router();\r\n    \u001b[7m \u001b[0m \u001b[96m      ~~~~~~\u001b[0m\r\n    'router' is declared here.\r\n\u001b[96mstartup/routes.ts\u001b[0m:\u001b[93m7\u001b[0m:\u001b[93m11\u001b[0m - \u001b[91merror\u001b[0m\u001b[90m TS2552: \u001b[0mCannot find name 'error'. Did you mean 'Error'?\r\n\r\n\u001b[7m7\u001b[0m   app.use(error);\r\n\u001b[7m \u001b[0m \u001b[91m          ~~~~~\u001b[0m\r\n\r\n  \u001b[96mnode_modules/typescript/lib/lib.es5.d.ts\u001b[0m:\u001b[93m1039\u001b[0m:\u001b[93m13\u001b[0m\r\n    \u001b[7m1039\u001b[0m declare var Error: ErrorConstructor;\r\n    \u001b[7m    \u001b[0m \u001b[96m            ~~~~~\u001b[0m\r\n    'Error' is declared here.\r\n\n    at createTSError (C:\\Users\\svdsa\\AppData\\Roaming\\npm\\node_modules\\ts-node\\src\\index.ts:859:12)\n    at reportTSError (C:\\Users\\svdsa\\AppData\\Roaming\\npm\\node_modules\\ts-node\\src\\index.ts:863:19)\n    at getOutput (C:\\Users\\svdsa\\AppData\\Roaming\\npm\\node_modules\\ts-node\\src\\index.ts:1077:36)\n    at Object.compile (C:\\Users\\svdsa\\AppData\\Roaming\\npm\\node_modules\\ts-node\\src\\index.ts:1433:41)\n    at Module.m._compile (C:\\Users\\svdsa\\AppData\\Roaming\\npm\\node_modules\\ts-node\\src\\index.ts:1617:30)\n    at Module._extensions..js (node:internal/modules/cjs/loader:1159:10)\n    at Object.require.extensions.<computed> [as .ts] (C:\\Users\\svdsa\\AppData\\Roaming\\npm\\node_modules\\ts-node\\src\\index.ts:1621:12)\n    at Module.load (node:internal/modules/cjs/loader:981:32)\n    at Function.Module._load (node:internal/modules/cjs/loader:822:12)\n    at Module.require (node:internal/modules/cjs/loader:1005:19)","os":{"loadavg":[0,0,0],"uptime":2306},"process":{"argv":["C:\\Users\\svdsa\\AppData\\Roaming\\npm\\node_modules\\ts-node\\dist\\bin.js","G:\\Education\\A_Practice\\React_Practice\\club-cricket\\api\\index.ts"],"cwd":"G:\\Education\\A_Practice\\React_Practice\\club-cricket\\api","execPath":"C:\\Program Files\\nodejs\\node.exe","gid":null,"memoryUsage":{"arrayBuffers":1872936,"external":3316808,"heapTotal":172068864,"heapUsed":143422560,"rss":213745664},"pid":11204,"uid":null,"version":"v16.16.0"},"stack":"TSError: ⨯ Unable to compile TypeScript:\n\u001b[96mstartup/routes.ts\u001b[0m:\u001b[93m2\u001b[0m:\u001b[93m10\u001b[0m - \u001b[91merror\u001b[0m\u001b[90m TS2459: \u001b[0mModule '\"../routers/auth\"' declares 'router' locally, but it is not exported.\r\n\r\n\u001b[7m2\u001b[0m import { router as authRouter } from '../routers/auth';\r\n\u001b[7m \u001b[0m \u001b[91m         ~~~~~~\u001b[0m\r\n\r\n  \u001b[96mrouters/auth.ts\u001b[0m:\u001b[93m6\u001b[0m:\u001b[93m7\u001b[0m\r\n    \u001b[7m6\u001b[0m const router = express.Router();\r\n    \u001b[7m \u001b[0m \u001b[96m      ~~~~~~\u001b[0m\r\n    'router' is declared here.\r\n\u001b[96mstartup/routes.ts\u001b[0m:\u001b[93m2\u001b[0m:\u001b[93m10\u001b[0m - \u001b[91merror\u001b[0m\u001b[90m TS2459: \u001b[0mModule '\"../routers/auth\"' declares 'router' locally, but it is not exported.\r\n\r\n\u001b[7m2\u001b[0m import { router as authRouter } from '../routers/auth';\r\n\u001b[7m \u001b[0m \u001b[91m         ~~~~~~\u001b[0m\r\n\r\n  \u001b[96mrouters/auth.ts\u001b[0m:\u001b[93m6\u001b[0m:\u001b[93m7\u001b[0m\r\n    \u001b[7m6\u001b[0m const router = express.Router();\r\n    \u001b[7m \u001b[0m \u001b[96m      ~~~~~~\u001b[0m\r\n    'router' is declared here.\r\n\u001b[96mstartup/routes.ts\u001b[0m:\u001b[93m7\u001b[0m:\u001b[93m11\u001b[0m - \u001b[91merror\u001b[0m\u001b[90m TS2552: \u001b[0mCannot find name 'error'. Did you mean 'Error'?\r\n\r\n\u001b[7m7\u001b[0m   app.use(error);\r\n\u001b[7m \u001b[0m \u001b[91m          ~~~~~\u001b[0m\r\n\r\n  \u001b[96mnode_modules/typescript/lib/lib.es5.d.ts\u001b[0m:\u001b[93m1039\u001b[0m:\u001b[93m13\u001b[0m\r\n    \u001b[7m1039\u001b[0m declare var Error: ErrorConstructor;\r\n    \u001b[7m    \u001b[0m \u001b[96m            ~~~~~\u001b[0m\r\n    'Error' is declared here.\r\n\n    at createTSError (C:\\Users\\svdsa\\AppData\\Roaming\\npm\\node_modules\\ts-node\\src\\index.ts:859:12)\n    at reportTSError (C:\\Users\\svdsa\\AppData\\Roaming\\npm\\node_modules\\ts-node\\src\\index.ts:863:19)\n    at getOutput (C:\\Users\\svdsa\\AppData\\Roaming\\npm\\node_modules\\ts-node\\src\\index.ts:1077:36)\n    at Object.compile (C:\\Users\\svdsa\\AppData\\Roaming\\npm\\node_modules\\ts-node\\src\\index.ts:1433:41)\n    at Module.m._compile (C:\\Users\\svdsa\\AppData\\Roaming\\npm\\node_modules\\ts-node\\src\\index.ts:1617:30)\n    at Module._extensions..js (node:internal/modules/cjs/loader:1159:10)\n    at Object.require.extensions.<computed> [as .ts] (C:\\Users\\svdsa\\AppData\\Roaming\\npm\\node_modules\\ts-node\\src\\index.ts:1621:12)\n    at Module.load (node:internal/modules/cjs/loader:981:32)\n    at Function.Module._load (node:internal/modules/cjs/loader:822:12)\n    at Module.require (node:internal/modules/cjs/loader:1005:19)","trace":[{"column":12,"file":"C:\\Users\\svdsa\\AppData\\Roaming\\npm\\node_modules\\ts-node\\src\\index.ts","function":"createTSError","line":859,"method":null,"native":false},{"column":19,"file":"C:\\Users\\svdsa\\AppData\\Roaming\\npm\\node_modules\\ts-node\\src\\index.ts","function":"reportTSError","line":863,"method":null,"native":false},{"column":36,"file":"C:\\Users\\svdsa\\AppData\\Roaming\\npm\\node_modules\\ts-node\\src\\index.ts","function":"getOutput","line":1077,"method":null,"native":false},{"column":41,"file":"C:\\Users\\svdsa\\AppData\\Roaming\\npm\\node_modules\\ts-node\\src\\index.ts","function":"Object.compile","line":1433,"method":"compile","native":false},{"column":30,"file":"C:\\Users\\svdsa\\AppData\\Roaming\\npm\\node_modules\\ts-node\\src\\index.ts","function":"Module.m._compile","line":1617,"method":"_compile","native":false},{"column":10,"file":"node:internal/modules/cjs/loader","function":"Module._extensions..js","line":1159,"method":".js","native":false},{"column":12,"file":"C:\\Users\\svdsa\\AppData\\Roaming\\npm\\node_modules\\ts-node\\src\\index.ts","function":"Object.require.extensions.<computed> [as .ts]","line":1621,"method":"ts]","native":false},{"column":32,"file":"node:internal/modules/cjs/loader","function":"Module.load","line":981,"method":"load","native":false},{"column":12,"file":"node:internal/modules/cjs/loader","function":"Module._load","line":822,"method":"_load","native":false},{"column":19,"file":"node:internal/modules/cjs/loader","function":"Module.require","line":1005,"method":"require","native":false}]}
{"date":"Thu Aug 11 2022 20:52:01 GMT+0530 (India Standard Time)","error":{"diagnosticCodes":[1192]},"exception":true,"level":"error","message":"uncaughtException: ⨯ Unable to compile TypeScript:\n\u001b[96mstartup/routes.ts\u001b[0m:\u001b[93m2\u001b[0m:\u001b[93m9\u001b[0m - \u001b[91merror\u001b[0m\u001b[90m TS1192: \u001b[0mModule '\"G:/Education/A_Practice/React_Practice/club-cricket/api/routers/auth\"' has no default export.\r\n\r\n\u001b[7m2\u001b[0m import  authRouter from '../routers/auth';\r\n\u001b[7m \u001b[0m \u001b[91m        ~~~~~~~~~~\u001b[0m\r\n\nTSError: ⨯ Unable to compile TypeScript:\n\u001b[96mstartup/routes.ts\u001b[0m:\u001b[93m2\u001b[0m:\u001b[93m9\u001b[0m - \u001b[91merror\u001b[0m\u001b[90m TS1192: \u001b[0mModule '\"G:/Education/A_Practice/React_Practice/club-cricket/api/routers/auth\"' has no default export.\r\n\r\n\u001b[7m2\u001b[0m import  authRouter from '../routers/auth';\r\n\u001b[7m \u001b[0m \u001b[91m        ~~~~~~~~~~\u001b[0m\r\n\n    at createTSError (C:\\Users\\svdsa\\AppData\\Roaming\\npm\\node_modules\\ts-node\\src\\index.ts:859:12)\n    at reportTSError (C:\\Users\\svdsa\\AppData\\Roaming\\npm\\node_modules\\ts-node\\src\\index.ts:863:19)\n    at getOutput (C:\\Users\\svdsa\\AppData\\Roaming\\npm\\node_modules\\ts-node\\src\\index.ts:1077:36)\n    at Object.compile (C:\\Users\\svdsa\\AppData\\Roaming\\npm\\node_modules\\ts-node\\src\\index.ts:1433:41)\n    at Module.m._compile (C:\\Users\\svdsa\\AppData\\Roaming\\npm\\node_modules\\ts-node\\src\\index.ts:1617:30)\n    at Module._extensions..js (node:internal/modules/cjs/loader:1159:10)\n    at Object.require.extensions.<computed> [as .ts] (C:\\Users\\svdsa\\AppData\\Roaming\\npm\\node_modules\\ts-node\\src\\index.ts:1621:12)\n    at Module.load (node:internal/modules/cjs/loader:981:32)\n    at Function.Module._load (node:internal/modules/cjs/loader:822:12)\n    at Module.require (node:internal/modules/cjs/loader:1005:19)","os":{"loadavg":[0,0,0],"uptime":2654},"process":{"argv":["C:\\Users\\svdsa\\AppData\\Roaming\\npm\\node_modules\\ts-node\\dist\\bin.js","G:\\Education\\A_Practice\\React_Practice\\club-cricket\\api\\index.ts"],"cwd":"G:\\Education\\A_Practice\\React_Practice\\club-cricket\\api","execPath":"C:\\Program Files\\nodejs\\node.exe","gid":null,"memoryUsage":{"arrayBuffers":1919736,"external":5157173,"heapTotal":172593152,"heapUsed":147500136,"rss":207388672},"pid":18552,"uid":null,"version":"v16.16.0"},"stack":"TSError: ⨯ Unable to compile TypeScript:\n\u001b[96mstartup/routes.ts\u001b[0m:\u001b[93m2\u001b[0m:\u001b[93m9\u001b[0m - \u001b[91merror\u001b[0m\u001b[90m TS1192: \u001b[0mModule '\"G:/Education/A_Practice/React_Practice/club-cricket/api/routers/auth\"' has no default export.\r\n\r\n\u001b[7m2\u001b[0m import  authRouter from '../routers/auth';\r\n\u001b[7m \u001b[0m \u001b[91m        ~~~~~~~~~~\u001b[0m\r\n\n    at createTSError (C:\\Users\\svdsa\\AppData\\Roaming\\npm\\node_modules\\ts-node\\src\\index.ts:859:12)\n    at reportTSError (C:\\Users\\svdsa\\AppData\\Roaming\\npm\\node_modules\\ts-node\\src\\index.ts:863:19)\n    at getOutput (C:\\Users\\svdsa\\AppData\\Roaming\\npm\\node_modules\\ts-node\\src\\index.ts:1077:36)\n    at Object.compile (C:\\Users\\svdsa\\AppData\\Roaming\\npm\\node_modules\\ts-node\\src\\index.ts:1433:41)\n    at Module.m._compile (C:\\Users\\svdsa\\AppData\\Roaming\\npm\\node_modules\\ts-node\\src\\index.ts:1617:30)\n    at Module._extensions..js (node:internal/modules/cjs/loader:1159:10)\n    at Object.require.extensions.<computed> [as .ts] (C:\\Users\\svdsa\\AppData\\Roaming\\npm\\node_modules\\ts-node\\src\\index.ts:1621:12)\n    at Module.load (node:internal/modules/cjs/loader:981:32)\n    at Function.Module._load (node:internal/modules/cjs/loader:822:12)\n    at Module.require (node:internal/modules/cjs/loader:1005:19)","trace":[{"column":12,"file":"C:\\Users\\svdsa\\AppData\\Roaming\\npm\\node_modules\\ts-node\\src\\index.ts","function":"createTSError","line":859,"method":null,"native":false},{"column":19,"file":"C:\\Users\\svdsa\\AppData\\Roaming\\npm\\node_modules\\ts-node\\src\\index.ts","function":"reportTSError","line":863,"method":null,"native":false},{"column":36,"file":"C:\\Users\\svdsa\\AppData\\Roaming\\npm\\node_modules\\ts-node\\src\\index.ts","function":"getOutput","line":1077,"method":null,"native":false},{"column":41,"file":"C:\\Users\\svdsa\\AppData\\Roaming\\npm\\node_modules\\ts-node\\src\\index.ts","function":"Object.compile","line":1433,"method":"compile","native":false},{"column":30,"file":"C:\\Users\\svdsa\\AppData\\Roaming\\npm\\node_modules\\ts-node\\src\\index.ts","function":"Module.m._compile","line":1617,"method":"_compile","native":false},{"column":10,"file":"node:internal/modules/cjs/loader","function":"Module._extensions..js","line":1159,"method":".js","native":false},{"column":12,"file":"C:\\Users\\svdsa\\AppData\\Roaming\\npm\\node_modules\\ts-node\\src\\index.ts","function":"Object.require.extensions.<computed> [as .ts]","line":1621,"method":"ts]","native":false},{"column":32,"file":"node:internal/modules/cjs/loader","function":"Module.load","line":981,"method":"load","native":false},{"column":12,"file":"node:internal/modules/cjs/loader","function":"Module._load","line":822,"method":"_load","native":false},{"column":19,"file":"node:internal/modules/cjs/loader","function":"Module.require","line":1005,"method":"require","native":false}]}
{"date":"Thu Aug 11 2022 20:52:59 GMT+0530 (India Standard Time)","error":{"code":"MODULE_NOT_FOUND","requireStack":["G:\\Education\\A_Practice\\React_Practice\\club-cricket\\api\\index.ts"]},"exception":true,"level":"error","message":"uncaughtException: Cannot find module './startup/config'\nRequire stack:\n- G:\\Education\\A_Practice\\React_Practice\\club-cricket\\api\\index.ts\nError: Cannot find module './startup/config'\nRequire stack:\n- G:\\Education\\A_Practice\\React_Practice\\club-cricket\\api\\index.ts\n    at Function.Module._resolveFilename (node:internal/modules/cjs/loader:933:15)\n    at Function.Module._resolveFilename.sharedData.moduleResolveFilenameHook.installedValue [as _resolveFilename] (C:\\Users\\svdsa\\AppData\\Roaming\\npm\\node_modules\\ts-node\\node_modules\\@cspotcode\\source-map-support\\source-map-support.js:811:30)\n    at Function.Module._load (node:internal/modules/cjs/loader:778:27)\n    at Module.require (node:internal/modules/cjs/loader:1005:19)\n    at require (node:internal/modules/cjs/helpers:102:18)\n    at Object.<anonymous> (G:\\Education\\A_Practice\\React_Practice\\club-cricket\\api\\index.ts:10:1)\n    at Module._compile (node:internal/modules/cjs/loader:1105:14)\n    at Module.m._compile (C:\\Users\\svdsa\\AppData\\Roaming\\npm\\node_modules\\ts-node\\src\\index.ts:1618:23)\n    at Module._extensions..js (node:internal/modules/cjs/loader:1159:10)\n    at Object.require.extensions.<computed> [as .ts] (C:\\Users\\svdsa\\AppData\\Roaming\\npm\\node_modules\\ts-node\\src\\index.ts:1621:12)","os":{"loadavg":[0,0,0],"uptime":2712},"process":{"argv":["C:\\Users\\svdsa\\AppData\\Roaming\\npm\\node_modules\\ts-node\\dist\\bin.js","G:\\Education\\A_Practice\\React_Practice\\club-cricket\\api\\index.ts"],"cwd":"G:\\Education\\A_Practice\\React_Practice\\club-cricket\\api","execPath":"C:\\Program Files\\nodejs\\node.exe","gid":null,"memoryUsage":{"arrayBuffers":20243470,"external":25532292,"heapTotal":251105280,"heapUsed":212006752,"rss":296120320},"pid":10852,"uid":null,"version":"v16.16.0"},"stack":"Error: Cannot find module './startup/config'\nRequire stack:\n- G:\\Education\\A_Practice\\React_Practice\\club-cricket\\api\\index.ts\n    at Function.Module._resolveFilename (node:internal/modules/cjs/loader:933:15)\n    at Function.Module._resolveFilename.sharedData.moduleResolveFilenameHook.installedValue [as _resolveFilename] (C:\\Users\\svdsa\\AppData\\Roaming\\npm\\node_modules\\ts-node\\node_modules\\@cspotcode\\source-map-support\\source-map-support.js:811:30)\n    at Function.Module._load (node:internal/modules/cjs/loader:778:27)\n    at Module.require (node:internal/modules/cjs/loader:1005:19)\n    at require (node:internal/modules/cjs/helpers:102:18)\n    at Object.<anonymous> (G:\\Education\\A_Practice\\React_Practice\\club-cricket\\api\\index.ts:10:1)\n    at Module._compile (node:internal/modules/cjs/loader:1105:14)\n    at Module.m._compile (C:\\Users\\svdsa\\AppData\\Roaming\\npm\\node_modules\\ts-node\\src\\index.ts:1618:23)\n    at Module._extensions..js (node:internal/modules/cjs/loader:1159:10)\n    at Object.require.extensions.<computed> [as .ts] (C:\\Users\\svdsa\\AppData\\Roaming\\npm\\node_modules\\ts-node\\src\\index.ts:1621:12)","trace":[{"column":15,"file":"node:internal/modules/cjs/loader","function":"Module._resolveFilename","line":933,"method":"_resolveFilename","native":false},{"column":30,"file":"C:\\Users\\svdsa\\AppData\\Roaming\\npm\\node_modules\\ts-node\\node_modules\\@cspotcode\\source-map-support\\source-map-support.js","function":"Module._resolveFilename.sharedData.moduleResolveFilenameHook.installedValue [as _resolveFilename]","line":811,"method":"installedValue [as _resolveFilename]","native":false},{"column":27,"file":"node:internal/modules/cjs/loader","function":"Module._load","line":778,"method":"_load","native":false},{"column":19,"file":"node:internal/modules/cjs/loader","function":"Module.require","line":1005,"method":"require","native":false},{"column":18,"file":"node:internal/modules/cjs/helpers","function":"require","line":102,"method":null,"native":false},{"column":1,"file":"G:\\Education\\A_Practice\\React_Practice\\club-cricket\\api\\index.ts","function":null,"line":10,"method":null,"native":false},{"column":14,"file":"node:internal/modules/cjs/loader","function":"Module._compile","line":1105,"method":"_compile","native":false},{"column":23,"file":"C:\\Users\\svdsa\\AppData\\Roaming\\npm\\node_modules\\ts-node\\src\\index.ts","function":"Module.m._compile","line":1618,"method":"_compile","native":false},{"column":10,"file":"node:internal/modules/cjs/loader","function":"Module._extensions..js","line":1159,"method":".js","native":false},{"column":12,"file":"C:\\Users\\svdsa\\AppData\\Roaming\\npm\\node_modules\\ts-node\\src\\index.ts","function":"Object.require.extensions.<computed> [as .ts]","line":1621,"method":"ts]","native":false}]}
{"date":"Thu Aug 11 2022 21:04:23 GMT+0530 (India Standard Time)","error":{"code":"MODULE_NOT_FOUND","requireStack":["G:\\Education\\A_Practice\\React_Practice\\club-cricket\\api\\index.ts"]},"exception":true,"level":"error","message":"uncaughtException: Cannot find module './startup/config'\nRequire stack:\n- G:\\Education\\A_Practice\\React_Practice\\club-cricket\\api\\index.ts\nError: Cannot find module './startup/config'\nRequire stack:\n- G:\\Education\\A_Practice\\React_Practice\\club-cricket\\api\\index.ts\n    at Function.Module._resolveFilename (node:internal/modules/cjs/loader:933:15)\n    at Function.Module._resolveFilename.sharedData.moduleResolveFilenameHook.installedValue [as _resolveFilename] (C:\\Users\\svdsa\\AppData\\Roaming\\npm\\node_modules\\ts-node\\node_modules\\@cspotcode\\source-map-support\\source-map-support.js:811:30)\n    at Function.Module._load (node:internal/modules/cjs/loader:778:27)\n    at Module.require (node:internal/modules/cjs/loader:1005:19)\n    at require (node:internal/modules/cjs/helpers:102:18)\n    at Object.<anonymous> (G:\\Education\\A_Practice\\React_Practice\\club-cricket\\api\\index.ts:10:1)\n    at Module._compile (node:internal/modules/cjs/loader:1105:14)\n    at Module.m._compile (C:\\Users\\svdsa\\AppData\\Roaming\\npm\\node_modules\\ts-node\\src\\index.ts:1618:23)\n    at Module._extensions..js (node:internal/modules/cjs/loader:1159:10)\n    at Object.require.extensions.<computed> [as .ts] (C:\\Users\\svdsa\\AppData\\Roaming\\npm\\node_modules\\ts-node\\src\\index.ts:1621:12)","os":{"loadavg":[0,0,0],"uptime":3395},"process":{"argv":["C:\\Users\\svdsa\\AppData\\Roaming\\npm\\node_modules\\ts-node\\dist\\bin.js","G:\\Education\\A_Practice\\React_Practice\\club-cricket\\api\\index.ts"],"cwd":"G:\\Education\\A_Practice\\React_Practice\\club-cricket\\api","execPath":"C:\\Program Files\\nodejs\\node.exe","gid":null,"memoryUsage":{"arrayBuffers":20143264,"external":25532292,"heapTotal":263139328,"heapUsed":239904720,"rss":307224576},"pid":9976,"uid":null,"version":"v16.16.0"},"stack":"Error: Cannot find module './startup/config'\nRequire stack:\n- G:\\Education\\A_Practice\\React_Practice\\club-cricket\\api\\index.ts\n    at Function.Module._resolveFilename (node:internal/modules/cjs/loader:933:15)\n    at Function.Module._resolveFilename.sharedData.moduleResolveFilenameHook.installedValue [as _resolveFilename] (C:\\Users\\svdsa\\AppData\\Roaming\\npm\\node_modules\\ts-node\\node_modules\\@cspotcode\\source-map-support\\source-map-support.js:811:30)\n    at Function.Module._load (node:internal/modules/cjs/loader:778:27)\n    at Module.require (node:internal/modules/cjs/loader:1005:19)\n    at require (node:internal/modules/cjs/helpers:102:18)\n    at Object.<anonymous> (G:\\Education\\A_Practice\\React_Practice\\club-cricket\\api\\index.ts:10:1)\n    at Module._compile (node:internal/modules/cjs/loader:1105:14)\n    at Module.m._compile (C:\\Users\\svdsa\\AppData\\Roaming\\npm\\node_modules\\ts-node\\src\\index.ts:1618:23)\n    at Module._extensions..js (node:internal/modules/cjs/loader:1159:10)\n    at Object.require.extensions.<computed> [as .ts] (C:\\Users\\svdsa\\AppData\\Roaming\\npm\\node_modules\\ts-node\\src\\index.ts:1621:12)","trace":[{"column":15,"file":"node:internal/modules/cjs/loader","function":"Module._resolveFilename","line":933,"method":"_resolveFilename","native":false},{"column":30,"file":"C:\\Users\\svdsa\\AppData\\Roaming\\npm\\node_modules\\ts-node\\node_modules\\@cspotcode\\source-map-support\\source-map-support.js","function":"Module._resolveFilename.sharedData.moduleResolveFilenameHook.installedValue [as _resolveFilename]","line":811,"method":"installedValue [as _resolveFilename]","native":false},{"column":27,"file":"node:internal/modules/cjs/loader","function":"Module._load","line":778,"method":"_load","native":false},{"column":19,"file":"node:internal/modules/cjs/loader","function":"Module.require","line":1005,"method":"require","native":false},{"column":18,"file":"node:internal/modules/cjs/helpers","function":"require","line":102,"method":null,"native":false},{"column":1,"file":"G:\\Education\\A_Practice\\React_Practice\\club-cricket\\api\\index.ts","function":null,"line":10,"method":null,"native":false},{"column":14,"file":"node:internal/modules/cjs/loader","function":"Module._compile","line":1105,"method":"_compile","native":false},{"column":23,"file":"C:\\Users\\svdsa\\AppData\\Roaming\\npm\\node_modules\\ts-node\\src\\index.ts","function":"Module.m._compile","line":1618,"method":"_compile","native":false},{"column":10,"file":"node:internal/modules/cjs/loader","function":"Module._extensions..js","line":1159,"method":".js","native":false},{"column":12,"file":"C:\\Users\\svdsa\\AppData\\Roaming\\npm\\node_modules\\ts-node\\src\\index.ts","function":"Object.require.extensions.<computed> [as .ts]","line":1621,"method":"ts]","native":false}]}
{"date":"Thu Aug 11 2022 21:05:40 GMT+0530 (India Standard Time)","error":{"code":"MODULE_NOT_FOUND","requireStack":["G:\\Education\\A_Practice\\React_Practice\\club-cricket\\api\\index.ts"]},"exception":true,"level":"error","message":"uncaughtException: Cannot find module './startup/config'\nRequire stack:\n- G:\\Education\\A_Practice\\React_Practice\\club-cricket\\api\\index.ts\nError: Cannot find module './startup/config'\nRequire stack:\n- G:\\Education\\A_Practice\\React_Practice\\club-cricket\\api\\index.ts\n    at Function.Module._resolveFilename (node:internal/modules/cjs/loader:933:15)\n    at Function.Module._resolveFilename.sharedData.moduleResolveFilenameHook.installedValue [as _resolveFilename] (C:\\Users\\svdsa\\AppData\\Roaming\\npm\\node_modules\\ts-node\\node_modules\\@cspotcode\\source-map-support\\source-map-support.js:811:30)\n    at Function.Module._load (node:internal/modules/cjs/loader:778:27)\n    at Module.require (node:internal/modules/cjs/loader:1005:19)\n    at require (node:internal/modules/cjs/helpers:102:18)\n    at Object.<anonymous> (G:\\Education\\A_Practice\\React_Practice\\club-cricket\\api\\index.ts:10:1)\n    at Module._compile (node:internal/modules/cjs/loader:1105:14)\n    at Module.m._compile (C:\\Users\\svdsa\\AppData\\Roaming\\npm\\node_modules\\ts-node\\src\\index.ts:1618:23)\n    at Module._extensions..js (node:internal/modules/cjs/loader:1159:10)\n    at Object.require.extensions.<computed> [as .ts] (C:\\Users\\svdsa\\AppData\\Roaming\\npm\\node_modules\\ts-node\\src\\index.ts:1621:12)","os":{"loadavg":[0,0,0],"uptime":3472},"process":{"argv":["C:\\Users\\svdsa\\AppData\\Roaming\\npm\\node_modules\\ts-node\\dist\\bin.js","G:\\Education\\A_Practice\\React_Practice\\club-cricket\\api\\index.ts"],"cwd":"G:\\Education\\A_Practice\\React_Practice\\club-cricket\\api","execPath":"C:\\Program Files\\nodejs\\node.exe","gid":null,"memoryUsage":{"arrayBuffers":20278630,"external":25532292,"heapTotal":252416000,"heapUsed":210692904,"rss":294117376},"pid":9432,"uid":null,"version":"v16.16.0"},"stack":"Error: Cannot find module './startup/config'\nRequire stack:\n- G:\\Education\\A_Practice\\React_Practice\\club-cricket\\api\\index.ts\n    at Function.Module._resolveFilename (node:internal/modules/cjs/loader:933:15)\n    at Function.Module._resolveFilename.sharedData.moduleResolveFilenameHook.installedValue [as _resolveFilename] (C:\\Users\\svdsa\\AppData\\Roaming\\npm\\node_modules\\ts-node\\node_modules\\@cspotcode\\source-map-support\\source-map-support.js:811:30)\n    at Function.Module._load (node:internal/modules/cjs/loader:778:27)\n    at Module.require (node:internal/modules/cjs/loader:1005:19)\n    at require (node:internal/modules/cjs/helpers:102:18)\n    at Object.<anonymous> (G:\\Education\\A_Practice\\React_Practice\\club-cricket\\api\\index.ts:10:1)\n    at Module._compile (node:internal/modules/cjs/loader:1105:14)\n    at Module.m._compile (C:\\Users\\svdsa\\AppData\\Roaming\\npm\\node_modules\\ts-node\\src\\index.ts:1618:23)\n    at Module._extensions..js (node:internal/modules/cjs/loader:1159:10)\n    at Object.require.extensions.<computed> [as .ts] (C:\\Users\\svdsa\\AppData\\Roaming\\npm\\node_modules\\ts-node\\src\\index.ts:1621:12)","trace":[{"column":15,"file":"node:internal/modules/cjs/loader","function":"Module._resolveFilename","line":933,"method":"_resolveFilename","native":false},{"column":30,"file":"C:\\Users\\svdsa\\AppData\\Roaming\\npm\\node_modules\\ts-node\\node_modules\\@cspotcode\\source-map-support\\source-map-support.js","function":"Module._resolveFilename.sharedData.moduleResolveFilenameHook.installedValue [as _resolveFilename]","line":811,"method":"installedValue [as _resolveFilename]","native":false},{"column":27,"file":"node:internal/modules/cjs/loader","function":"Module._load","line":778,"method":"_load","native":false},{"column":19,"file":"node:internal/modules/cjs/loader","function":"Module.require","line":1005,"method":"require","native":false},{"column":18,"file":"node:internal/modules/cjs/helpers","function":"require","line":102,"method":null,"native":false},{"column":1,"file":"G:\\Education\\A_Practice\\React_Practice\\club-cricket\\api\\index.ts","function":null,"line":10,"method":null,"native":false},{"column":14,"file":"node:internal/modules/cjs/loader","function":"Module._compile","line":1105,"method":"_compile","native":false},{"column":23,"file":"C:\\Users\\svdsa\\AppData\\Roaming\\npm\\node_modules\\ts-node\\src\\index.ts","function":"Module.m._compile","line":1618,"method":"_compile","native":false},{"column":10,"file":"node:internal/modules/cjs/loader","function":"Module._extensions..js","line":1159,"method":".js","native":false},{"column":12,"file":"C:\\Users\\svdsa\\AppData\\Roaming\\npm\\node_modules\\ts-node\\src\\index.ts","function":"Object.require.extensions.<computed> [as .ts]","line":1621,"method":"ts]","native":false}]}
{"date":"Thu Aug 11 2022 21:08:04 GMT+0530 (India Standard Time)","error":{},"exception":true,"level":"error","message":"uncaughtException: require(...) is not a function\nTypeError: require(...) is not a function\n    at Object.<anonymous> (G:\\Education\\A_Practice\\React_Practice\\club-cricket\\api\\index.ts:10:28)\n    at Module._compile (node:internal/modules/cjs/loader:1105:14)\n    at Module.m._compile (C:\\Users\\svdsa\\AppData\\Roaming\\npm\\node_modules\\ts-node\\src\\index.ts:1618:23)\n    at Module._extensions..js (node:internal/modules/cjs/loader:1159:10)\n    at Object.require.extensions.<computed> [as .ts] (C:\\Users\\svdsa\\AppData\\Roaming\\npm\\node_modules\\ts-node\\src\\index.ts:1621:12)\n    at Module.load (node:internal/modules/cjs/loader:981:32)\n    at Function.Module._load (node:internal/modules/cjs/loader:822:12)\n    at Function.executeUserEntryPoint [as runMain] (node:internal/modules/run_main:77:12)\n    at phase4 (C:\\Users\\svdsa\\AppData\\Roaming\\npm\\node_modules\\ts-node\\src\\bin.ts:649:14)\n    at bootstrap (C:\\Users\\svdsa\\AppData\\Roaming\\npm\\node_modules\\ts-node\\src\\bin.ts:95:10)","os":{"loadavg":[0,0,0],"uptime":3616},"process":{"argv":["C:\\Users\\svdsa\\AppData\\Roaming\\npm\\node_modules\\ts-node\\dist\\bin.js","G:\\Education\\A_Practice\\React_Practice\\club-cricket\\api\\index.ts"],"cwd":"G:\\Education\\A_Practice\\React_Practice\\club-cricket\\api","execPath":"C:\\Program Files\\nodejs\\node.exe","gid":null,"memoryUsage":{"arrayBuffers":20118604,"external":25576156,"heapTotal":263401472,"heapUsed":228006600,"rss":310136832},"pid":15288,"uid":null,"version":"v16.16.0"},"stack":"TypeError: require(...) is not a function\n    at Object.<anonymous> (G:\\Education\\A_Practice\\React_Practice\\club-cricket\\api\\index.ts:10:28)\n    at Module._compile (node:internal/modules/cjs/loader:1105:14)\n    at Module.m._compile (C:\\Users\\svdsa\\AppData\\Roaming\\npm\\node_modules\\ts-node\\src\\index.ts:1618:23)\n    at Module._extensions..js (node:internal/modules/cjs/loader:1159:10)\n    at Object.require.extensions.<computed> [as .ts] (C:\\Users\\svdsa\\AppData\\Roaming\\npm\\node_modules\\ts-node\\src\\index.ts:1621:12)\n    at Module.load (node:internal/modules/cjs/loader:981:32)\n    at Function.Module._load (node:internal/modules/cjs/loader:822:12)\n    at Function.executeUserEntryPoint [as runMain] (node:internal/modules/run_main:77:12)\n    at phase4 (C:\\Users\\svdsa\\AppData\\Roaming\\npm\\node_modules\\ts-node\\src\\bin.ts:649:14)\n    at bootstrap (C:\\Users\\svdsa\\AppData\\Roaming\\npm\\node_modules\\ts-node\\src\\bin.ts:95:10)","trace":[{"column":28,"file":"G:\\Education\\A_Practice\\React_Practice\\club-cricket\\api\\index.ts","function":null,"line":10,"method":null,"native":false},{"column":14,"file":"node:internal/modules/cjs/loader","function":"Module._compile","line":1105,"method":"_compile","native":false},{"column":23,"file":"C:\\Users\\svdsa\\AppData\\Roaming\\npm\\node_modules\\ts-node\\src\\index.ts","function":"Module.m._compile","line":1618,"method":"_compile","native":false},{"column":10,"file":"node:internal/modules/cjs/loader","function":"Module._extensions..js","line":1159,"method":".js","native":false},{"column":12,"file":"C:\\Users\\svdsa\\AppData\\Roaming\\npm\\node_modules\\ts-node\\src\\index.ts","function":"Object.require.extensions.<computed> [as .ts]","line":1621,"method":"ts]","native":false},{"column":32,"file":"node:internal/modules/cjs/loader","function":"Module.load","line":981,"method":"load","native":false},{"column":12,"file":"node:internal/modules/cjs/loader","function":"Module._load","line":822,"method":"_load","native":false},{"column":12,"file":"node:internal/modules/run_main","function":"Function.executeUserEntryPoint [as runMain]","line":77,"method":"executeUserEntryPoint [as runMain]","native":false},{"column":14,"file":"C:\\Users\\svdsa\\AppData\\Roaming\\npm\\node_modules\\ts-node\\src\\bin.ts","function":"phase4","line":649,"method":null,"native":false},{"column":10,"file":"C:\\Users\\svdsa\\AppData\\Roaming\\npm\\node_modules\\ts-node\\src\\bin.ts","function":"bootstrap","line":95,"method":null,"native":false}]}
{"date":"Thu Aug 11 2022 21:09:24 GMT+0530 (India Standard Time)","error":{},"exception":true,"level":"error","message":"uncaughtException: require(...) is not a function\nTypeError: require(...) is not a function\n    at Object.<anonymous> (G:\\Education\\A_Practice\\React_Practice\\club-cricket\\api\\index.ts:10:28)\n    at Module._compile (node:internal/modules/cjs/loader:1105:14)\n    at Module.m._compile (C:\\Users\\svdsa\\AppData\\Roaming\\npm\\node_modules\\ts-node\\src\\index.ts:1618:23)\n    at Module._extensions..js (node:internal/modules/cjs/loader:1159:10)\n    at Object.require.extensions.<computed> [as .ts] (C:\\Users\\svdsa\\AppData\\Roaming\\npm\\node_modules\\ts-node\\src\\index.ts:1621:12)\n    at Module.load (node:internal/modules/cjs/loader:981:32)\n    at Function.Module._load (node:internal/modules/cjs/loader:822:12)\n    at Function.executeUserEntryPoint [as runMain] (node:internal/modules/run_main:77:12)\n    at phase4 (C:\\Users\\svdsa\\AppData\\Roaming\\npm\\node_modules\\ts-node\\src\\bin.ts:649:14)\n    at bootstrap (C:\\Users\\svdsa\\AppData\\Roaming\\npm\\node_modules\\ts-node\\src\\bin.ts:95:10)","os":{"loadavg":[0,0,0],"uptime":3697},"process":{"argv":["C:\\Users\\svdsa\\AppData\\Roaming\\npm\\node_modules\\ts-node\\dist\\bin.js","G:\\Education\\A_Practice\\React_Practice\\club-cricket\\api\\index.ts"],"cwd":"G:\\Education\\A_Practice\\React_Practice\\club-cricket\\api","execPath":"C:\\Program Files\\nodejs\\node.exe","gid":null,"memoryUsage":{"arrayBuffers":20187091,"external":25576156,"heapTotal":264974336,"heapUsed":238977336,"rss":308908032},"pid":20332,"uid":null,"version":"v16.16.0"},"stack":"TypeError: require(...) is not a function\n    at Object.<anonymous> (G:\\Education\\A_Practice\\React_Practice\\club-cricket\\api\\index.ts:10:28)\n    at Module._compile (node:internal/modules/cjs/loader:1105:14)\n    at Module.m._compile (C:\\Users\\svdsa\\AppData\\Roaming\\npm\\node_modules\\ts-node\\src\\index.ts:1618:23)\n    at Module._extensions..js (node:internal/modules/cjs/loader:1159:10)\n    at Object.require.extensions.<computed> [as .ts] (C:\\Users\\svdsa\\AppData\\Roaming\\npm\\node_modules\\ts-node\\src\\index.ts:1621:12)\n    at Module.load (node:internal/modules/cjs/loader:981:32)\n    at Function.Module._load (node:internal/modules/cjs/loader:822:12)\n    at Function.executeUserEntryPoint [as runMain] (node:internal/modules/run_main:77:12)\n    at phase4 (C:\\Users\\svdsa\\AppData\\Roaming\\npm\\node_modules\\ts-node\\src\\bin.ts:649:14)\n    at bootstrap (C:\\Users\\svdsa\\AppData\\Roaming\\npm\\node_modules\\ts-node\\src\\bin.ts:95:10)","trace":[{"column":28,"file":"G:\\Education\\A_Practice\\React_Practice\\club-cricket\\api\\index.ts","function":null,"line":10,"method":null,"native":false},{"column":14,"file":"node:internal/modules/cjs/loader","function":"Module._compile","line":1105,"method":"_compile","native":false},{"column":23,"file":"C:\\Users\\svdsa\\AppData\\Roaming\\npm\\node_modules\\ts-node\\src\\index.ts","function":"Module.m._compile","line":1618,"method":"_compile","native":false},{"column":10,"file":"node:internal/modules/cjs/loader","function":"Module._extensions..js","line":1159,"method":".js","native":false},{"column":12,"file":"C:\\Users\\svdsa\\AppData\\Roaming\\npm\\node_modules\\ts-node\\src\\index.ts","function":"Object.require.extensions.<computed> [as .ts]","line":1621,"method":"ts]","native":false},{"column":32,"file":"node:internal/modules/cjs/loader","function":"Module.load","line":981,"method":"load","native":false},{"column":12,"file":"node:internal/modules/cjs/loader","function":"Module._load","line":822,"method":"_load","native":false},{"column":12,"file":"node:internal/modules/run_main","function":"Function.executeUserEntryPoint [as runMain]","line":77,"method":"executeUserEntryPoint [as runMain]","native":false},{"column":14,"file":"C:\\Users\\svdsa\\AppData\\Roaming\\npm\\node_modules\\ts-node\\src\\bin.ts","function":"phase4","line":649,"method":null,"native":false},{"column":10,"file":"C:\\Users\\svdsa\\AppData\\Roaming\\npm\\node_modules\\ts-node\\src\\bin.ts","function":"bootstrap","line":95,"method":null,"native":false}]}
{"date":"Thu Aug 11 2022 21:36:55 GMT+0530 (India Standard Time)","error":{},"exception":true,"level":"error","message":"uncaughtException: require(...) is not a function\nTypeError: require(...) is not a function\n    at Object.<anonymous> (G:\\Education\\A_Practice\\React_Practice\\club-cricket\\api\\index.ts:16:28)\n    at Module._compile (node:internal/modules/cjs/loader:1105:14)\n    at Module.m._compile (C:\\Users\\svdsa\\AppData\\Roaming\\npm\\node_modules\\ts-node\\src\\index.ts:1618:23)\n    at Module._extensions..js (node:internal/modules/cjs/loader:1159:10)\n    at Object.require.extensions.<computed> [as .ts] (C:\\Users\\svdsa\\AppData\\Roaming\\npm\\node_modules\\ts-node\\src\\index.ts:1621:12)\n    at Module.load (node:internal/modules/cjs/loader:981:32)\n    at Function.Module._load (node:internal/modules/cjs/loader:822:12)\n    at Function.executeUserEntryPoint [as runMain] (node:internal/modules/run_main:77:12)\n    at phase4 (C:\\Users\\svdsa\\AppData\\Roaming\\npm\\node_modules\\ts-node\\src\\bin.ts:649:14)\n    at bootstrap (C:\\Users\\svdsa\\AppData\\Roaming\\npm\\node_modules\\ts-node\\src\\bin.ts:95:10)","os":{"loadavg":[0,0,0],"uptime":5348},"process":{"argv":["C:\\Users\\svdsa\\AppData\\Roaming\\npm\\node_modules\\ts-node\\dist\\bin.js","G:\\Education\\A_Practice\\React_Practice\\club-cricket\\api\\index.ts"],"cwd":"G:\\Education\\A_Practice\\React_Practice\\club-cricket\\api","execPath":"C:\\Program Files\\nodejs\\node.exe","gid":null,"memoryUsage":{"arrayBuffers":20187091,"external":25576156,"heapTotal":260255744,"heapUsed":232677896,"rss":304226304},"pid":7516,"uid":null,"version":"v16.16.0"},"stack":"TypeError: require(...) is not a function\n    at Object.<anonymous> (G:\\Education\\A_Practice\\React_Practice\\club-cricket\\api\\index.ts:16:28)\n    at Module._compile (node:internal/modules/cjs/loader:1105:14)\n    at Module.m._compile (C:\\Users\\svdsa\\AppData\\Roaming\\npm\\node_modules\\ts-node\\src\\index.ts:1618:23)\n    at Module._extensions..js (node:internal/modules/cjs/loader:1159:10)\n    at Object.require.extensions.<computed> [as .ts] (C:\\Users\\svdsa\\AppData\\Roaming\\npm\\node_modules\\ts-node\\src\\index.ts:1621:12)\n    at Module.load (node:internal/modules/cjs/loader:981:32)\n    at Function.Module._load (node:internal/modules/cjs/loader:822:12)\n    at Function.executeUserEntryPoint [as runMain] (node:internal/modules/run_main:77:12)\n    at phase4 (C:\\Users\\svdsa\\AppData\\Roaming\\npm\\node_modules\\ts-node\\src\\bin.ts:649:14)\n    at bootstrap (C:\\Users\\svdsa\\AppData\\Roaming\\npm\\node_modules\\ts-node\\src\\bin.ts:95:10)","trace":[{"column":28,"file":"G:\\Education\\A_Practice\\React_Practice\\club-cricket\\api\\index.ts","function":null,"line":16,"method":null,"native":false},{"column":14,"file":"node:internal/modules/cjs/loader","function":"Module._compile","line":1105,"method":"_compile","native":false},{"column":23,"file":"C:\\Users\\svdsa\\AppData\\Roaming\\npm\\node_modules\\ts-node\\src\\index.ts","function":"Module.m._compile","line":1618,"method":"_compile","native":false},{"column":10,"file":"node:internal/modules/cjs/loader","function":"Module._extensions..js","line":1159,"method":".js","native":false},{"column":12,"file":"C:\\Users\\svdsa\\AppData\\Roaming\\npm\\node_modules\\ts-node\\src\\index.ts","function":"Object.require.extensions.<computed> [as .ts]","line":1621,"method":"ts]","native":false},{"column":32,"file":"node:internal/modules/cjs/loader","function":"Module.load","line":981,"method":"load","native":false},{"column":12,"file":"node:internal/modules/cjs/loader","function":"Module._load","line":822,"method":"_load","native":false},{"column":12,"file":"node:internal/modules/run_main","function":"Function.executeUserEntryPoint [as runMain]","line":77,"method":"executeUserEntryPoint [as runMain]","native":false},{"column":14,"file":"C:\\Users\\svdsa\\AppData\\Roaming\\npm\\node_modules\\ts-node\\src\\bin.ts","function":"phase4","line":649,"method":null,"native":false},{"column":10,"file":"C:\\Users\\svdsa\\AppData\\Roaming\\npm\\node_modules\\ts-node\\src\\bin.ts","function":"bootstrap","line":95,"method":null,"native":false}]}
